[05-Mar-2014 20:55:15 UTC] PHP Warning:  mysql_connect() [<a href='function.mysql-connect'>function.mysql-connect</a>]: Access denied for user 'db171970'@'205.186.176.23' (using password: YES) in /nfs/c08/h03/mnt/171970/domains/chf.the1010collective.com/html/wp-includes/wp-db.php on line 1147
[05-Mar-2014 20:56:42 UTC] PHP Warning:  implode() [<a href='function.implode'>function.implode</a>]: Invalid arguments passed in /nfs/c08/h03/mnt/171970/domains/chf.the1010collective.com/html/wp-includes/class-wp-theme.php on line 675
[05-Mar-2014 20:56:42 UTC] PHP Warning:  Cannot modify header information - headers already sent by (output started at /nfs/c08/h03/mnt/171970/domains/chf.the1010collective.com/html/wp-includes/class-wp-theme.php:675) in /nfs/c08/h03/mnt/171970/domains/chf.the1010collective.com/html/wp-includes/option.php on line 563
[05-Mar-2014 20:56:42 UTC] PHP Warning:  Cannot modify header information - headers already sent by (output started at /nfs/c08/h03/mnt/171970/domains/chf.the1010collective.com/html/wp-includes/class-wp-theme.php:675) in /nfs/c08/h03/mnt/171970/domains/chf.the1010collective.com/html/wp-includes/option.php on line 564
[05-Mar-2014 20:56:47 UTC] PHP Warning:  require_once(/nfs/c08/h03/mnt/171970/domains/chf.the1010collective.com/html/wp-content/themes/culinaryhealthfund/admin/options/ReduxCore/inc/validation/color/validation_color.php) [<a href='function.require-once'>function.require-once</a>]: failed to open stream: No such file or directory in /nfs/c08/h03/mnt/171970/domains/chf.the1010collective.com/html/wp-content/themes/culinaryhealthfund/admin/options/ReduxCore/framework.php on line 1566
[05-Mar-2014 20:56:47 UTC] PHP Fatal error:  require_once() [<a href='function.require'>function.require</a>]: Failed opening required '/nfs/c08/h03/mnt/171970/domains/chf.the1010collective.com/html/wp-content/themes/culinaryhealthfund/admin/options/ReduxCore/inc/validation/color/validation_color.php' (include_path='.:/usr/local/php-5.3.27/share/pear') in /nfs/c08/h03/mnt/171970/domains/chf.the1010collective.com/html/wp-content/themes/culinaryhealthfund/admin/options/ReduxCore/framework.php on line 1566
[05-Mar-2014 20:56:57 UTC] PHP Warning:  require_once(/nfs/c08/h03/mnt/171970/domains/chf.the1010collective.com/html/wp-content/themes/culinaryhealthfund/admin/options/ReduxCore/inc/validation/color/validation_color.php) [<a href='function.require-once'>function.require-once</a>]: failed to open stream: No such file or directory in /nfs/c08/h03/mnt/171970/domains/chf.the1010collective.com/html/wp-content/themes/culinaryhealthfund/admin/options/ReduxCore/framework.php on line 1566
[05-Mar-2014 20:56:57 UTC] PHP Fatal error:  require_once() [<a href='function.require'>function.require</a>]: Failed opening required '/nfs/c08/h03/mnt/171970/domains/chf.the1010collective.com/html/wp-content/themes/culinaryhealthfund/admin/options/ReduxCore/inc/validation/color/validation_color.php' (include_path='.:/usr/local/php-5.3.27/share/pear') in /nfs/c08/h03/mnt/171970/domains/chf.the1010collective.com/html/wp-content/themes/culinaryhealthfund/admin/options/ReduxCore/framework.php on line 1566
[05-Mar-2014 20:57:09 UTC] PHP Warning:  require_once(/nfs/c08/h03/mnt/171970/domains/chf.the1010collective.com/html/wp-content/themes/culinaryhealthfund/admin/options/ReduxCore/inc/validation/color/validation_color.php) [<a href='function.require-once'>function.require-once</a>]: failed to open stream: No such file or directory in /nfs/c08/h03/mnt/171970/domains/chf.the1010collective.com/html/wp-content/themes/culinaryhealthfund/admin/options/ReduxCore/framework.php on line 1566
[05-Mar-2014 20:57:09 UTC] PHP Fatal error:  require_once() [<a href='function.require'>function.require</a>]: Failed opening required '/nfs/c08/h03/mnt/171970/domains/chf.the1010collective.com/html/wp-content/themes/culinaryhealthfund/admin/options/ReduxCore/inc/validation/color/validation_color.php' (include_path='.:/usr/local/php-5.3.27/share/pear') in /nfs/c08/h03/mnt/171970/domains/chf.the1010collective.com/html/wp-content/themes/culinaryhealthfund/admin/options/ReduxCore/framework.php on line 1566
[05-Mar-2014 20:59:17 UTC] PHP Warning:  require_once(/nfs/c08/h03/mnt/171970/domains/chf.the1010collective.com/html/wp-content/themes/culinaryhealthfund/admin/options/ReduxCore/inc/validation/color/validation_color.php) [<a href='function.require-once'>function.require-once</a>]: failed to open stream: No such file or directory in /nfs/c08/h03/mnt/171970/domains/chf.the1010collective.com/html/wp-content/themes/culinaryhealthfund/admin/options/ReduxCore/framework.php on line 1566
[05-Mar-2014 20:59:17 UTC] PHP Fatal error:  require_once() [<a href='function.require'>function.require</a>]: Failed opening required '/nfs/c08/h03/mnt/171970/domains/chf.the1010collective.com/html/wp-content/themes/culinaryhealthfund/admin/options/ReduxCore/inc/validation/color/validation_color.php' (include_path='.:/usr/local/php-5.3.27/share/pear') in /nfs/c08/h03/mnt/171970/domains/chf.the1010collective.com/html/wp-content/themes/culinaryhealthfund/admin/options/ReduxCore/framework.php on line 1566
[05-Mar-2014 20:59:24 UTC] PHP Warning:  require_once(/nfs/c08/h03/mnt/171970/domains/chf.the1010collective.com/html/wp-content/themes/culinaryhealthfund/admin/options/ReduxCore/inc/validation/color/validation_color.php) [<a href='function.require-once'>function.require-once</a>]: failed to open stream: No such file or directory in /nfs/c08/h03/mnt/171970/domains/chf.the1010collective.com/html/wp-content/themes/culinaryhealthfund/admin/options/ReduxCore/framework.php on line 1566
[05-Mar-2014 20:59:24 UTC] PHP Fatal error:  require_once() [<a href='function.require'>function.require</a>]: Failed opening required '/nfs/c08/h03/mnt/171970/domains/chf.the1010collective.com/html/wp-content/themes/culinaryhealthfund/admin/options/ReduxCore/inc/validation/color/validation_color.php' (include_path='.:/usr/local/php-5.3.27/share/pear') in /nfs/c08/h03/mnt/171970/domains/chf.the1010collective.com/html/wp-content/themes/culinaryhealthfund/admin/options/ReduxCore/framework.php on line 1566
[10-Mar-2014 18:50:21 UTC] PHP Notice:  Trying to get property of non-object in /nfs/c08/h03/mnt/171970/domains/chf.the1010collective.com/html/wp-content/themes/culinaryhealthfund/classes/class-ci-breadcrumbs.php on line 53
[10-Mar-2014 18:50:21 UTC] PHP Notice:  Trying to get property of non-object in /nfs/c08/h03/mnt/171970/domains/chf.the1010collective.com/html/wp-content/themes/culinaryhealthfund/classes/class-ci-breadcrumbs.php on line 123
[10-Mar-2014 18:50:21 UTC] PHP Notice:  Trying to get property of non-object in /nfs/c08/h03/mnt/171970/domains/chf.the1010collective.com/html/wp-content/themes/culinaryhealthfund/classes/class-ci-breadcrumbs.php on line 123
[10-Mar-2014 18:50:21 UTC] PHP Notice:  Trying to get property of non-object in /nfs/c08/h03/mnt/171970/domains/chf.the1010collective.com/html/wp-content/themes/culinaryhealthfund/sidebar.php on line 2
[10-Mar-2014 18:50:27 UTC] PHP Notice:  Trying to get property of non-object in /nfs/c08/h03/mnt/171970/domains/chf.the1010collective.com/html/wp-content/themes/culinaryhealthfund/classes/class-ci-breadcrumbs.php on line 53
[10-Mar-2014 18:50:27 UTC] PHP Notice:  Trying to get property of non-object in /nfs/c08/h03/mnt/171970/domains/chf.the1010collective.com/html/wp-content/themes/culinaryhealthfund/classes/class-ci-breadcrumbs.php on line 123
[10-Mar-2014 18:50:27 UTC] PHP Notice:  Trying to get property of non-object in /nfs/c08/h03/mnt/171970/domains/chf.the1010collective.com/html/wp-content/themes/culinaryhealthfund/classes/class-ci-breadcrumbs.php on line 123
[10-Mar-2014 18:50:27 UTC] PHP Notice:  Trying to get property of non-object in /nfs/c08/h03/mnt/171970/domains/chf.the1010collective.com/html/wp-content/themes/culinaryhealthfund/sidebar.php on line 2
[10-Mar-2014 19:09:39 UTC] PHP Notice:  Trying to get property of non-object in /nfs/c08/h03/mnt/171970/domains/chf.the1010collective.com/html/wp-content/themes/culinaryhealthfund/classes/class-ci-breadcrumbs.php on line 53
[10-Mar-2014 19:09:39 UTC] PHP Notice:  Trying to get property of non-object in /nfs/c08/h03/mnt/171970/domains/chf.the1010collective.com/html/wp-content/themes/culinaryhealthfund/classes/class-ci-breadcrumbs.php on line 123
[10-Mar-2014 19:09:39 UTC] PHP Notice:  Trying to get property of non-object in /nfs/c08/h03/mnt/171970/domains/chf.the1010collective.com/html/wp-content/themes/culinaryhealthfund/classes/class-ci-breadcrumbs.php on line 123
[10-Mar-2014 19:09:39 UTC] PHP Notice:  Trying to get property of non-object in /nfs/c08/h03/mnt/171970/domains/chf.the1010collective.com/html/wp-content/themes/culinaryhealthfund/sidebar.php on line 2
[11-Mar-2014 17:23:51 UTC] PHP Notice:  Trying to get property of non-object in /nfs/c08/h03/mnt/171970/domains/chf.the1010collective.com/html/wp-content/themes/culinaryhealthfund/classes/class-ci-breadcrumbs.php on line 53
[11-Mar-2014 17:23:51 UTC] PHP Notice:  Trying to get property of non-object in /nfs/c08/h03/mnt/171970/domains/chf.the1010collective.com/html/wp-content/themes/culinaryhealthfund/classes/class-ci-breadcrumbs.php on line 123
[11-Mar-2014 17:23:51 UTC] PHP Notice:  Trying to get property of non-object in /nfs/c08/h03/mnt/171970/domains/chf.the1010collective.com/html/wp-content/themes/culinaryhealthfund/classes/class-ci-breadcrumbs.php on line 123
[11-Mar-2014 17:23:51 UTC] PHP Notice:  Trying to get property of non-object in /nfs/c08/h03/mnt/171970/domains/chf.the1010collective.com/html/wp-content/themes/culinaryhealthfund/sidebar.php on line 2
[01-Apr-2014 17:42:43 UTC] PHP Fatal error:  Call to undefined function the_thumbnail() in /nfs/c08/h03/mnt/171970/domains/chf.the1010collective.com/html/wp-content/themes/culinaryhealthfund/content-page.php on line 3
[01-Apr-2014 17:44:53 UTC] PHP Fatal error:  Call to undefined function the_thumbnail() in /nfs/c08/h03/mnt/171970/domains/chf.the1010collective.com/html/wp-content/themes/culinaryhealthfund/content-page.php on line 4
[03-Apr-2014 23:44:09 UTC] PHP Fatal error:  Class 'Selective_Walker' not found in /nfs/c08/h03/mnt/171970/domains/chf.the1010collective.com/html/wp-content/themes/culinaryhealthfund/shortcodes/class-ci-subnav.php on line 77
[03-Apr-2014 23:44:10 UTC] PHP Fatal error:  Class 'Selective_Walker' not found in /nfs/c08/h03/mnt/171970/domains/chf.the1010collective.com/html/wp-content/themes/culinaryhealthfund/shortcodes/class-ci-subnav.php on line 77
[03-Apr-2014 23:44:12 UTC] PHP Fatal error:  Class 'Selective_Walker' not found in /nfs/c08/h03/mnt/171970/domains/chf.the1010collective.com/html/wp-content/themes/culinaryhealthfund/shortcodes/class-ci-subnav.php on line 77
[03-Apr-2014 23:44:12 UTC] PHP Fatal error:  Class 'Selective_Walker' not found in /nfs/c08/h03/mnt/171970/domains/chf.the1010collective.com/html/wp-content/themes/culinaryhealthfund/shortcodes/class-ci-subnav.php on line 77
[03-Apr-2014 23:44:40 UTC] PHP Fatal error:  Class 'Selective_Walker' not found in /nfs/c08/h03/mnt/171970/domains/chf.the1010collective.com/html/wp-content/themes/culinaryhealthfund/shortcodes/class-ci-subnav.php on line 77
[03-Apr-2014 23:44:41 UTC] PHP Fatal error:  Class 'Selective_Walker' not found in /nfs/c08/h03/mnt/171970/domains/chf.the1010collective.com/html/wp-content/themes/culinaryhealthfund/shortcodes/class-ci-subnav.php on line 77
[03-Apr-2014 23:44:42 UTC] PHP Fatal error:  Class 'Selective_Walker' not found in /nfs/c08/h03/mnt/171970/domains/chf.the1010collective.com/html/wp-content/themes/culinaryhealthfund/shortcodes/class-ci-subnav.php on line 77
[03-Apr-2014 23:44:42 UTC] PHP Fatal error:  Class 'Selective_Walker' not found in /nfs/c08/h03/mnt/171970/domains/chf.the1010collective.com/html/wp-content/themes/culinaryhealthfund/shortcodes/class-ci-subnav.php on line 77
[03-Apr-2014 23:44:43 UTC] PHP Fatal error:  Class 'Selective_Walker' not found in /nfs/c08/h03/mnt/171970/domains/chf.the1010collective.com/html/wp-content/themes/culinaryhealthfund/shortcodes/class-ci-subnav.php on line 77
[03-Apr-2014 23:44:43 UTC] PHP Fatal error:  Class 'Selective_Walker' not found in /nfs/c08/h03/mnt/171970/domains/chf.the1010collective.com/html/wp-content/themes/culinaryhealthfund/shortcodes/class-ci-subnav.php on line 77
[03-Apr-2014 23:44:44 UTC] PHP Fatal error:  Class 'Selective_Walker' not found in /nfs/c08/h03/mnt/171970/domains/chf.the1010collective.com/html/wp-content/themes/culinaryhealthfund/shortcodes/class-ci-subnav.php on line 77
[04-Apr-2014 00:00:57 UTC] PHP Parse error:  syntax error, unexpected T_VARIABLE in /nfs/c08/h03/mnt/171970/domains/chf.the1010collective.com/html/wp-content/themes/culinaryhealthfund/functions.php on line 395
[04-Apr-2014 00:00:59 UTC] PHP Parse error:  syntax error, unexpected T_VARIABLE in /nfs/c08/h03/mnt/171970/domains/chf.the1010collective.com/html/wp-content/themes/culinaryhealthfund/functions.php on line 395
[04-Apr-2014 00:01:01 UTC] PHP Parse error:  syntax error, unexpected T_VARIABLE in /nfs/c08/h03/mnt/171970/domains/chf.the1010collective.com/html/wp-content/themes/culinaryhealthfund/functions.php on line 395
[04-Apr-2014 00:01:04 UTC] PHP Parse error:  syntax error, unexpected T_VARIABLE in /nfs/c08/h03/mnt/171970/domains/chf.the1010collective.com/html/wp-content/themes/culinaryhealthfund/functions.php on line 395
[04-Apr-2014 00:01:47 UTC] PHP Parse error:  syntax error, unexpected '}' in /nfs/c08/h03/mnt/171970/domains/chf.the1010collective.com/html/wp-content/themes/culinaryhealthfund/functions.php on line 419
[04-Apr-2014 00:01:48 UTC] PHP Parse error:  syntax error, unexpected '}' in /nfs/c08/h03/mnt/171970/domains/chf.the1010collective.com/html/wp-content/themes/culinaryhealthfund/functions.php on line 419
[04-Apr-2014 00:01:56 UTC] PHP Parse error:  syntax error, unexpected '}' in /nfs/c08/h03/mnt/171970/domains/chf.the1010collective.com/html/wp-content/themes/culinaryhealthfund/functions.php on line 419
[04-Apr-2014 00:03:44 UTC] PHP Notice:  Undefined variable: children_elements in /nfs/c08/h03/mnt/171970/domains/chf.the1010collective.com/html/wp-content/themes/culinaryhealthfund/functions.php on line 455
[04-Apr-2014 00:03:45 UTC] PHP Notice:  Undefined variable: children_elements in /nfs/c08/h03/mnt/171970/domains/chf.the1010collective.com/html/wp-content/themes/culinaryhealthfund/functions.php on line 455
[04-Apr-2014 20:25:13 UTC] PHP Parse error:  syntax error, unexpected ';' in /nfs/c08/h03/mnt/171970/domains/chf.the1010collective.com/html/wp-content/themes/culinaryhealthfund/content-page.php on line 11
[04-Apr-2014 20:25:14 UTC] PHP Parse error:  syntax error, unexpected ';' in /nfs/c08/h03/mnt/171970/domains/chf.the1010collective.com/html/wp-content/themes/culinaryhealthfund/content-page.php on line 11
[04-Apr-2014 20:25:15 UTC] PHP Parse error:  syntax error, unexpected ';' in /nfs/c08/h03/mnt/171970/domains/chf.the1010collective.com/html/wp-content/themes/culinaryhealthfund/content-page.php on line 11
[04-Apr-2014 20:25:17 UTC] PHP Parse error:  syntax error, unexpected ';' in /nfs/c08/h03/mnt/171970/domains/chf.the1010collective.com/html/wp-content/themes/culinaryhealthfund/content-page.php on line 11
[10-Apr-2014 19:06:38 UTC] PHP Notice:  Undefined index: order in /nfs/c08/h03/mnt/171970/domains/chf.the1010collective.com/html/wp-content/plugins/wordpress-popup/popoverincludes/classes/popoveradmin.php on line 992
[10-Apr-2014 19:08:38 UTC] PHP Notice:  Undefined index: popoverusejs in /nfs/c08/h03/mnt/171970/domains/chf.the1010collective.com/html/wp-content/plugins/wordpress-popup/popoverincludes/classes/popoveradmin.php on line 537
[10-Apr-2014 19:08:38 UTC] PHP Warning:  Cannot modify header information - headers already sent by (output started at /nfs/c08/h03/mnt/171970/domains/chf.the1010collective.com/html/wp-content/plugins/wordpress-popup/popoverincludes/classes/popoveradmin.php:537) in /nfs/c08/h03/mnt/171970/domains/chf.the1010collective.com/html/wp-includes/pluggable.php on line 896
[10-Apr-2014 19:15:47 UTC] PHP Notice:  Undefined index: popoverusejs in /nfs/c08/h03/mnt/171970/domains/chf.the1010collective.com/html/wp-content/plugins/wordpress-popup/popoverincludes/classes/popoveradmin.php on line 537
[10-Apr-2014 19:15:47 UTC] PHP Warning:  Cannot modify header information - headers already sent by (output started at /nfs/c08/h03/mnt/171970/domains/chf.the1010collective.com/html/wp-content/plugins/wordpress-popup/popoverincludes/classes/popoveradmin.php:537) in /nfs/c08/h03/mnt/171970/domains/chf.the1010collective.com/html/wp-includes/pluggable.php on line 896
[10-Apr-2014 19:24:57 UTC] PHP Notice:  Undefined index: order in /nfs/c08/h03/mnt/171970/domains/chf.the1010collective.com/html/wp-content/plugins/wordpress-popup/popoverincludes/classes/popoveradmin.php on line 992
[11-Apr-2014 18:48:31 UTC] PHP Notice:  Undefined index: order in /nfs/c08/h03/mnt/171970/domains/chf.the1010collective.com/html/wp-content/plugins/wordpress-popup/popoverincludes/classes/popoveradmin.php on line 992
[15-Apr-2014 20:53:35 UTC] PHP Notice:  Undefined index: order in /nfs/c08/h03/mnt/171970/domains/chf.the1010collective.com/html/wp-content/plugins/wordpress-popup/popoverincludes/classes/popoveradmin.php on line 992
[18-Apr-2014 17:20:17 UTC] PHP Notice:  Undefined index: order in /nfs/c08/h03/mnt/171970/domains/chf.the1010collective.com/html/wp-content/plugins/wordpress-popup/popoverincludes/classes/popoveradmin.php on line 992
[07-Apr-2015 16:17:28 UTC] PHP Warning:  mysql_connect(): Can't connect to MySQL server on 'internal-db.s171970.gridserver.com' (111) in /var/www/www.culinaryhealthfund.org/html/wp-includes/wp-db.php on line 1147
[07-Apr-2015 16:17:41 UTC] PHP Warning:  mysql_connect(): Can't connect to MySQL server on 'internal-db.s171970.gridserver.com' (111) in /var/www/www.culinaryhealthfund.org/html/wp-includes/wp-db.php on line 1147
